(---------------------------------------------------------------------)
(                                                                     )
(    ARTWORK LOG                                                      )
(                                                                     )
(    Drawing          : Libra.brd                                     )
(    Software Version : 16.6-2015S066                                 )
(    Date/Time        : Thu Nov 09 18:13:41 2017                      )
(                                                                     )
(---------------------------------------------------------------------)


 ---- Photoplot outline rectangle not found; using drawing extents.



Results from parameter file ...
    DEVICE-TYPE           GERBER_RS274X
    OUTPUT-UNITS          INCHES
    FILM-SIZE             2400000 1600000
    FORMAT                5.5
    ABORT-ON-ERROR        NO
    SCALE                 1
    SUPPRESS-LEAD-ZEROES  YES
    SUPPRESS-TRAIL-ZEROES NO
    SUPPRESS-EQUAL        YES
    UNDEF-APT-CONT        NO



================================================================
     PROCESSING FILM < TOP >
     TO FILE < F:/WorkSpace/Annecy/Libra/TOP.art > ...
================================================================

  FILM PARAMETERS :
  ---------------------------------------------------------
  Undefined line width                6.0
  Mirror code                         NONE
  Rotate angle                        NONE
  Offset x:                           0.0
  Offset y:                           0.0
  Plot negative                       NO
  Suppress unconnected internal pads  NO
  Draw holes only                     NO



  APERTURES USED:
  ---------------------------------------------------------
  TYPE       SIZE/NAME                   ROT   MIRROR MODE 
  ---------------------------------------------------------
  CIRCLE     0.01000                                  DARK 
  CIRCLE     0.02000                                  DARK 
  CIRCLE     0.02200                                  DARK 
  CIRCLE     0.07170                                  DARK 
  CIRCLE     0.11810                                  DARK 
  SQUARE     0.07170                     0.000 NO     DARK 
  RECTANGLE  0.01970     x 0.03150       0.000 NO     DARK 
  RECTANGLE  0.02360     x 0.01570       0.000 NO     DARK 
  RECTANGLE  0.03740     x 0.03540       0.000 NO     DARK 
  RECTANGLE  0.03740     x 0.03540      90.000 NO     DARK 
  RECTANGLE  0.05910     x 0.09450       0.000 NO     DARK 

     TOP created.


================================================================
     PROCESSING FILM < BOTTOM >
     TO FILE < F:/WorkSpace/Annecy/Libra/BOTTOM.art > ...
================================================================

  FILM PARAMETERS :
  ---------------------------------------------------------
  Undefined line width                6.0
  Mirror code                         NONE
  Rotate angle                        NONE
  Offset x:                           0.0
  Offset y:                           0.0
  Plot negative                       NO
  Suppress unconnected internal pads  NO
  Draw holes only                     NO



  APERTURES USED:
  ---------------------------------------------------------
  TYPE       SIZE/NAME                   ROT   MIRROR MODE 
  ---------------------------------------------------------
  CIRCLE     0.01000                                  DARK 
  CIRCLE     0.02000                                  DARK 
  CIRCLE     0.02200                                  DARK 
  CIRCLE     0.07170                                  DARK 
  CIRCLE     0.11810                                  DARK 
  SQUARE     0.07170                     0.000 NO     DARK 

     BOTTOM created.


================================================================
     PROCESSING FILM < DRILL >
     TO FILE < F:/WorkSpace/Annecy/Libra/DRILL.art > ...
================================================================

  FILM PARAMETERS :
  ---------------------------------------------------------
  Undefined line width                6.0
  Mirror code                         NONE
  Rotate angle                        NONE
  Offset x:                           0.0
  Offset y:                           0.0
  Plot negative                       NO
  Suppress unconnected internal pads  NO
  Draw holes only                     NO

    WARNING: 0 width line found at (-1020.0 1365.0)
           ... using undefined line width of 6.0

    WARNING: Multiple 0 width lines; all will be treated the same as the first.
           ... using undefined line width of 6.0

    WARNING: text composed 0 width line found at (-570.5 2177.5)
           ... using undefined line width of 6.0

    WARNING: text having Multiple 0 width lines; all will be treated the same as the first.
           ... using undefined line width of 6.0



  APERTURES USED:
  ---------------------------------------------------------
  TYPE       SIZE/NAME                   ROT   MIRROR MODE 
  ---------------------------------------------------------
  CIRCLE     0.00600                                  DARK 

     DRILL created with warnings


================================================================
     PROCESSING FILM < SILKCREEN_TOP >
     TO FILE < F:/WorkSpace/Annecy/Libra/SILKCREEN_TOP.art > ...
================================================================

  FILM PARAMETERS :
  ---------------------------------------------------------
  Undefined line width                6.0
  Mirror code                         NONE
  Rotate angle                        NONE
  Offset x:                           0.0
  Offset y:                           0.0
  Plot negative                       NO
  Suppress unconnected internal pads  NO
  Draw holes only                     NO



  APERTURES USED:
  ---------------------------------------------------------
  TYPE       SIZE/NAME                   ROT   MIRROR MODE 
  ---------------------------------------------------------
  CIRCLE     0.00200                                  DARK 
  CIRCLE     0.00600                                  DARK 
  CIRCLE     0.02000                                  DARK 

     SILKCREEN_TOP created.


================================================================
     PROCESSING FILM < SILKCREEN_BOTTOM >
     TO FILE < F:/WorkSpace/Annecy/Libra/SILKCREEN_BOTTOM.art > ...
================================================================

  FILM PARAMETERS :
  ---------------------------------------------------------
  Undefined line width                6.0
  Mirror code                         NONE
  Rotate angle                        NONE
  Offset x:                           0.0
  Offset y:                           0.0
  Plot negative                       NO
  Suppress unconnected internal pads  NO
  Draw holes only                     NO



  APERTURES USED:
  ---------------------------------------------------------
  TYPE       SIZE/NAME                   ROT   MIRROR MODE 
  ---------------------------------------------------------
  CIRCLE     0.00600                                  DARK 

     SILKCREEN_BOTTOM created.


================================================================
     PROCESSING FILM < SOLDERMASK_TOP >
     TO FILE < F:/WorkSpace/Annecy/Libra/SOLDERMASK_TOP.art > ...
================================================================

  FILM PARAMETERS :
  ---------------------------------------------------------
  Undefined line width                6.0
  Mirror code                         NONE
  Rotate angle                        NONE
  Offset x:                           0.0
  Offset y:                           0.0
  Plot negative                       NO
  Suppress unconnected internal pads  NO
  Draw holes only                     NO



  APERTURES USED:
  ---------------------------------------------------------
  TYPE       SIZE/NAME                   ROT   MIRROR MODE 
  ---------------------------------------------------------
  CIRCLE     0.00600                                  DARK 
  CIRCLE     0.07560                                  DARK 
  SQUARE     0.07560                     0.000 NO     DARK 
  RECTANGLE  0.02760     x 0.03940       0.000 NO     DARK 
  RECTANGLE  0.02910     x 0.02130       0.000 NO     DARK 
  RECTANGLE  0.04530     x 0.04330       0.000 NO     DARK 
  RECTANGLE  0.04530     x 0.04330      90.000 NO     DARK 
  RECTANGLE  0.06690     x 0.10240       0.000 NO     DARK 

     SOLDERMASK_TOP created.


================================================================
     PROCESSING FILM < SOLDERMASK_BOTTOM >
     TO FILE < F:/WorkSpace/Annecy/Libra/SOLDERMASK_BOTTOM.art > ...
================================================================

  FILM PARAMETERS :
  ---------------------------------------------------------
  Undefined line width                6.0
  Mirror code                         NONE
  Rotate angle                        NONE
  Offset x:                           0.0
  Offset y:                           0.0
  Plot negative                       NO
  Suppress unconnected internal pads  NO
  Draw holes only                     NO



  APERTURES USED:
  ---------------------------------------------------------
  TYPE       SIZE/NAME                   ROT   MIRROR MODE 
  ---------------------------------------------------------
  CIRCLE     0.00600                                  DARK 
  CIRCLE     0.07560                                  DARK 
  SQUARE     0.07560                     0.000 NO     DARK 

     SOLDERMASK_BOTTOM created.


------------------------------------------------------
 SUMMARY:
        TOP created.
        BOTTOM created.
        DRILL created with warnings
        SILKCREEN_TOP created.
        SILKCREEN_BOTTOM created.
        SOLDERMASK_TOP created.
        SOLDERMASK_BOTTOM created.

 ARTWORK had warnings
